<?xml version="1.0" encoding="UTF-8"?>
<testng-results skipped="0" failed="0" ignored="0" total="1" passed="1">
  <reporter-output>
  </reporter-output>
  <suite name="Default suite" duration-ms="25474" started-at="2023-07-15T22:51:09 IST" finished-at="2023-07-15T22:51:35 IST">
    <groups>
    </groups>
    <test name="Default test" duration-ms="25474" started-at="2023-07-15T22:51:09 IST" finished-at="2023-07-15T22:51:35 IST">
      <class name="login.TC_01_Test">
        <test-method status="PASS" signature="launchingBrowser()[pri:0, instance:login.TC_01_Test@544a2ea6]" name="launchingBrowser" is-config="true" duration-ms="7060" started-at="2023-07-15T22:51:09 IST" finished-at="2023-07-15T22:51:16 IST">
          <reporter-output>
          </reporter-output>
        </test-method> <!-- launchingBrowser -->
        <test-method status="PASS" signature="login()[pri:0, instance:login.TC_01_Test@544a2ea6]" name="login" duration-ms="11425" started-at="2023-07-15T22:51:16 IST" finished-at="2023-07-15T22:51:28 IST">
          <reporter-output>
          </reporter-output>
        </test-method> <!-- login -->
        <test-method status="PASS" signature="main()[pri:0, instance:login.TC_01_Test@544a2ea6]" name="main" is-config="true" duration-ms="6944" started-at="2023-07-15T22:51:28 IST" finished-at="2023-07-15T22:51:35 IST">
          <reporter-output>
          </reporter-output>
        </test-method> <!-- main -->
      </class> <!-- login.TC_01_Test -->
    </test> <!-- Default test -->
  </suite> <!-- Default suite -->
</testng-results>
